# JRE version: OpenJDK Runtime Environment (13.0.1+9) (build 13.0.1+9)
# Java VM: OpenJDK 64-Bit Server VM (13.0.1+9, mixed mode, sharing, tiered, compressed oops, g1 gc, bsd-amd64)
Heap:
 garbage-first heap   total 30720K, used 16985K [0x00000007e0000000, 0x0000000800000000)
  region size 1024K, 3 young (3072K), 1 survivors (1024K)
 Metaspace       used 3195K, capacity 6180K, committed 6272K, reserved 1056768K
  class space    used 290K, capacity 593K, committed 640K, reserved 1048576K
GC Heap History (20 events):
Event: 329.258 GC heap before
{Heap before GC invocations=0 (full 0):
 garbage-first heap   total 264192K, used 7924K [0x00000007e0000000, 0x0000000800000000)
  region size 1024K, 9 young (9216K), 0 survivors (0K)
 Metaspace       used 2945K, capacity 6115K, committed 6272K, reserved 1056768K
  class space    used 287K, capacity 593K, committed 640K, reserved 1048576K
}
Event: 329.264 GC heap after
{Heap after GC invocations=1 (full 1):
 garbage-first heap   total 27648K, used 2548K [0x00000007e0000000, 0x0000000800000000)
  region size 1024K, 0 young (0K), 0 survivors (0K)
 Metaspace       used 2945K, capacity 6115K, committed 6272K, reserved 1056768K
  class space    used 287K, capacity 593K, committed 640K, reserved 1048576K
}
Event: 329.335 GC heap before
{Heap before GC invocations=1 (full 1):
 garbage-first heap   total 27648K, used 10740K [0x00000007e0000000, 0x0000000800000000)
  region size 1024K, 8 young (8192K), 0 survivors (0K)
 Metaspace       used 3126K, capacity 6180K, committed 6272K, reserved 1056768K
  class space    used 289K, capacity 593K, committed 640K, reserved 1048576K
}
Event: 329.337 GC heap after
{Heap after GC invocations=2 (full 1):
 garbage-first heap   total 27648K, used 4889K [0x00000007e0000000, 0x0000000800000000)
  region size 1024K, 1 young (1024K), 1 survivors (1024K)
 Metaspace       used 3126K, capacity 6180K, committed 6272K, reserved 1056768K
  class space    used 289K, capacity 593K, committed 640K, reserved 1048576K
}
Event: 329.562 GC heap before
{Heap before GC invocations=2 (full 1):
 garbage-first heap   total 27648K, used 5913K [0x00000007e0000000, 0x0000000800000000)
  region size 1024K, 3 young (3072K), 1 survivors (1024K)
 Metaspace       used 3133K, capacity 6180K, committed 6272K, reserved 1056768K
  class space    used 290K, capacity 593K, committed 640K, reserved 1048576K
}
Event: 329.569 GC heap after
{Heap after GC invocations=3 (full 2):
 garbage-first heap   total 24576K, used 4518K [0x00000007e0000000, 0x0000000800000000)
  region size 1024K, 0 young (0K), 0 survivors (0K)
 Metaspace       used 3133K, capacity 6180K, committed 6272K, reserved 1056768K
  class space    used 290K, capacity 593K, committed 640K, reserved 1048576K
}
Event: 329.618 GC heap before
{Heap before GC invocations=3 (full 2):
 garbage-first heap   total 24576K, used 8614K [0x00000007e0000000, 0x0000000800000000)
  region size 1024K, 5 young (5120K), 0 survivors (0K)
 Metaspace       used 3154K, capacity 6180K, committed 6272K, reserved 1056768K
  class space    used 290K, capacity 593K, committed 640K, reserved 1048576K
}
Event: 329.627 GC heap after
{Heap after GC invocations=4 (full 3):
 garbage-first heap   total 24576K, used 6944K [0x00000007e0000000, 0x0000000800000000)
  region size 1024K, 0 young (0K), 0 survivors (0K)
 Metaspace       used 3154K, capacity 6180K, committed 6272K, reserved 1056768K
  class space    used 290K, capacity 593K, committed 640K, reserved 1048576K
}
Event: 329.654 GC heap before
{Heap before GC invocations=4 (full 3):
 garbage-first heap   total 24576K, used 12064K [0x00000007e0000000, 0x0000000800000000)
  region size 1024K, 6 young (6144K), 0 survivors (0K)
 Metaspace       used 3175K, capacity 6180K, committed 6272K, reserved 1056768K
  class space    used 290K, capacity 593K, committed 640K, reserved 1048576K
}
Event: 329.658 GC heap after
{Heap after GC invocations=5 (full 3):
 garbage-first heap   total 24576K, used 10892K [0x00000007e0000000, 0x0000000800000000)
  region size 1024K, 1 young (1024K), 1 survivors (1024K)
 Metaspace       used 3175K, capacity 6180K, committed 6272K, reserved 1056768K
  class space    used 290K, capacity 593K, committed 640K, reserved 1048576K
}
Event: 329.688 GC heap before
{Heap before GC invocations=5 (full 3):
 garbage-first heap   total 24576K, used 10892K [0x00000007e0000000, 0x0000000800000000)
  region size 1024K, 2 young (2048K), 1 survivors (1024K)
 Metaspace       used 3178K, capacity 6180K, committed 6272K, reserved 1056768K
  class space    used 290K, capacity 593K, committed 640K, reserved 1048576K
}
Event: 329.700 GC heap after
{Heap after GC invocations=6 (full 4):
 garbage-first heap   total 24576K, used 10256K [0x00000007e0000000, 0x0000000800000000)
  region size 1024K, 0 young (0K), 0 survivors (0K)
 Metaspace       used 3178K, capacity 6180K, committed 6272K, reserved 1056768K
  class space    used 290K, capacity 593K, committed 640K, reserved 1048576K
}
Event: 329.712 GC heap before
{Heap before GC invocations=6 (full 4):
 garbage-first heap   total 24576K, used 10256K [0x00000007e0000000, 0x0000000800000000)
  region size 1024K, 1 young (1024K), 0 survivors (0K)
 Metaspace       used 3183K, capacity 6180K, committed 6272K, reserved 1056768K
  class space    used 290K, capacity 593K, committed 640K, reserved 1048576K
}
Event: 329.725 GC heap after
{Heap after GC invocations=7 (full 5):
 garbage-first heap   total 24576K, used 10509K [0x00000007e0000000, 0x0000000800000000)
  region size 1024K, 0 young (0K), 0 survivors (0K)
 Metaspace       used 3183K, capacity 6180K, committed 6272K, reserved 1056768K
  class space    used 290K, capacity 593K, committed 640K, reserved 1048576K
}
Event: 329.736 GC heap before
{Heap before GC invocations=7 (full 5):
 garbage-first heap   total 24576K, used 14605K [0x00000007e0000000, 0x0000000800000000)
  region size 1024K, 4 young (4096K), 0 survivors (0K)
 Metaspace       used 3183K, capacity 6180K, committed 6272K, reserved 1056768K
  class space    used 290K, capacity 593K, committed 640K, reserved 1048576K
}
Event: 329.738 GC heap after
{Heap after GC invocations=8 (full 5):
 garbage-first heap   total 24576K, used 13480K [0x00000007e0000000, 0x0000000800000000)
  region size 1024K, 1 young (1024K), 1 survivors (1024K)
 Metaspace       used 3183K, capacity 6180K, committed 6272K, reserved 1056768K
  class space    used 290K, capacity 593K, committed 640K, reserved 1048576K
}
Event: 329.745 GC heap before
{Heap before GC invocations=8 (full 5):
 garbage-first heap   total 24576K, used 15528K [0x00000007e0000000, 0x0000000800000000)
  region size 1024K, 3 young (3072K), 1 survivors (1024K)
 Metaspace       used 3183K, capacity 6180K, committed 6272K, reserved 1056768K
  class space    used 290K, capacity 593K, committed 640K, reserved 1048576K
}
Event: 329.748 GC heap after
{Heap after GC invocations=9 (full 5):
 garbage-first heap   total 24576K, used 15165K [0x00000007e0000000, 0x0000000800000000)
  region size 1024K, 1 young (1024K), 1 survivors (1024K)
 Metaspace       used 3183K, capacity 6180K, committed 6272K, reserved 1056768K
  class space    used 290K, capacity 593K, committed 640K, reserved 1048576K
}
Event: 329.752 GC heap before
{Heap before GC invocations=9 (full 5):
 garbage-first heap   total 30720K, used 16189K [0x00000007e0000000, 0x0000000800000000)
  region size 1024K, 2 young (2048K), 1 survivors (1024K)
 Metaspace       used 3183K, capacity 6180K, committed 6272K, reserved 1056768K
  class space    used 290K, capacity 593K, committed 640K, reserved 1048576K
}
Event: 329.753 GC heap after
{Heap after GC invocations=10 (full 5):
 garbage-first heap   total 30720K, used 15961K [0x00000007e0000000, 0x0000000800000000)
  region size 1024K, 1 young (1024K), 1 survivors (1024K)
 Metaspace       used 3183K, capacity 6180K, committed 6272K, reserved 1056768K
  class space    used 290K, capacity 593K, committed 640K, reserved 1048576K
}

